<?xml version="1.0" encoding="UTF-8"?>
<!-- Generated by org.testng.reporters.JUnitXMLReporter -->
<testsuite hostname="DELL-PC" ignored="0" name="Test" tests="5" failures="0" timestamp="11 Apr 2020 17:55:12 GMT" time="0.094" errors="0">
  <testcase name="test11" time="0.017" classname="com.automation.Test1"/>
  <testcase name="test13" time="0.007" classname="com.automation.Test3"/>
  <testcase name="test12" time="0.001" classname="com.automation.Test2"/>
  <testcase name="test15" time="0.001" classname="main.automation.Test5"/>
  <testcase name="test14" time="0.002" classname="main.automation.Test4"/>
</testsuite> <!-- Test -->
