<?xml version="1.0" encoding="UTF-8"?>
<testng-results skipped="0" failed="0" ignored="0" total="5" passed="5">
  <reporter-output>
  </reporter-output>
  <suite name="Suite" duration-ms="94" started-at="2020-04-11T17:55:12Z" finished-at="2020-04-11T17:55:12Z">
    <groups>
    </groups>
    <test name="Test" duration-ms="94" started-at="2020-04-11T17:55:12Z" finished-at="2020-04-11T17:55:12Z">
      <class name="com.automation.Test3">
        <test-method status="PASS" signature="test13()[pri:2, instance:com.automation.Test3@4923ab24]" name="test13" duration-ms="7" started-at="2020-04-11T17:55:12Z" finished-at="2020-04-11T17:55:12Z">
          <reporter-output>
          </reporter-output>
        </test-method> <!-- test13 -->
      </class> <!-- com.automation.Test3 -->
      <class name="com.automation.Test2">
        <test-method status="PASS" signature="test12()[pri:3, instance:com.automation.Test2@670b40af]" name="test12" duration-ms="1" started-at="2020-04-11T17:55:12Z" finished-at="2020-04-11T17:55:12Z">
          <reporter-output>
          </reporter-output>
        </test-method> <!-- test12 -->
      </class> <!-- com.automation.Test2 -->
      <class name="com.automation.Test1">
        <test-method status="PASS" signature="test11()[pri:1, instance:com.automation.Test1@44c8afef]" name="test11" duration-ms="17" started-at="2020-04-11T17:55:12Z" finished-at="2020-04-11T17:55:12Z">
          <reporter-output>
          </reporter-output>
        </test-method> <!-- test11 -->
      </class> <!-- com.automation.Test1 -->
      <class name="main.automation.Test5">
        <test-method status="PASS" signature="test15()[pri:4, instance:main.automation.Test5@46daef40]" name="test15" duration-ms="1" started-at="2020-04-11T17:55:12Z" finished-at="2020-04-11T17:55:12Z">
          <reporter-output>
          </reporter-output>
        </test-method> <!-- test15 -->
      </class> <!-- main.automation.Test5 -->
      <class name="main.automation.Test4">
        <test-method status="PASS" signature="test14()[pri:5, instance:main.automation.Test4@7b69c6ba]" name="test14" duration-ms="2" started-at="2020-04-11T17:55:12Z" finished-at="2020-04-11T17:55:12Z">
          <reporter-output>
          </reporter-output>
        </test-method> <!-- test14 -->
      </class> <!-- main.automation.Test4 -->
    </test> <!-- Test -->
  </suite> <!-- Suite -->
</testng-results>
